<?xml version="1.0" encoding="UTF-8"?>
<testsuite name="hacs.StudentTest" tests="1" skipped="0" failures="0" errors="0" timestamp="2019-10-31T01:17:07" hostname="desktop-jta54kk.3500.dhcp.asu.edu" time="1.297">
  <properties/>
  <testcase name="testStudent" classname="hacs.StudentTest" time="1.297"/>
  <system-out><![CDATA[]]></system-out>
  <system-err><![CDATA[]]></system-err>
</testsuite>
